# JRE version: Java(TM) SE Runtime Environment (11.0.2+9) (build 11.0.2+9-LTS)
# Java VM: Java HotSpot(TM) 64-Bit Server VM (11.0.2+9-LTS, mixed mode, tiered, compressed oops, g1 gc, windows-amd64)
Heap:
 garbage-first heap   total 258048K, used 16122K [0x00000000e0000000, 0x0000000100000000)
  region size 1024K, 11 young (11264K), 4 survivors (4096K)
 Metaspace       used 24267K, capacity 25254K, committed 25472K, reserved 1071104K
  class space    used 2749K, capacity 3178K, committed 3200K, reserved 1048576K
GC Heap History (6 events):
Event: 0.386 GC heap before
{Heap before GC invocations=0 (full 0):
 garbage-first heap   total 258048K, used 23552K [0x00000000e0000000, 0x0000000100000000)
  region size 1024K, 24 young (24576K), 0 survivors (0K)
 Metaspace       used 10904K, capacity 11079K, committed 11136K, reserved 1058816K
  class space    used 1062K, capacity 1142K, committed 1152K, reserved 1048576K
}
Event: 0.388 GC heap after
{Heap after GC invocations=1 (full 0):
 garbage-first heap   total 258048K, used 3374K [0x00000000e0000000, 0x0000000100000000)
  region size 1024K, 3 young (3072K), 3 survivors (3072K)
 Metaspace       used 10904K, capacity 11079K, committed 11136K, reserved 1058816K
  class space    used 1062K, capacity 1142K, committed 1152K, reserved 1048576K
}
Event: 0.949 GC heap before
{Heap before GC invocations=1 (full 0):
 garbage-first heap   total 258048K, used 43310K [0x00000000e0000000, 0x0000000100000000)
  region size 1024K, 43 young (44032K), 3 survivors (3072K)
 Metaspace       used 20606K, capacity 21171K, committed 21248K, reserved 1069056K
  class space    used 2266K, capacity 2487K, committed 2560K, reserved 1048576K
}
Event: 0.953 GC heap after
{Heap after GC invocations=2 (full 0):
 garbage-first heap   total 258048K, used 5107K [0x00000000e0000000, 0x0000000100000000)
  region size 1024K, 5 young (5120K), 5 survivors (5120K)
 Metaspace       used 20606K, capacity 21171K, committed 21248K, reserved 1069056K
  class space    used 2266K, capacity 2487K, committed 2560K, reserved 1048576K
}
Event: 19.571 GC heap before
{Heap before GC invocations=3 (full 0):
 garbage-first heap   total 258048K, used 61427K [0x00000000e0000000, 0x0000000100000000)
  region size 1024K, 58 young (59392K), 5 survivors (5120K)
 Metaspace       used 24228K, capacity 25250K, committed 25472K, reserved 1071104K
  class space    used 2749K, capacity 3178K, committed 3200K, reserved 1048576K
}
Event: 19.577 GC heap after
{Heap after GC invocations=4 (full 0):
 garbage-first heap   total 258048K, used 9978K [0x00000000e0000000, 0x0000000100000000)
  region size 1024K, 4 young (4096K), 4 survivors (4096K)
 Metaspace       used 24228K, capacity 25250K, committed 25472K, reserved 1071104K
  class space    used 2749K, capacity 3178K, committed 3200K, reserved 1048576K
}

