# JRE version: Java(TM) SE Runtime Environment (11.0.2+9) (build 11.0.2+9-LTS)
# Java VM: Java HotSpot(TM) 64-Bit Server VM (11.0.2+9-LTS, mixed mode, tiered, compressed oops, g1 gc, windows-amd64)
Heap:
 garbage-first heap   total 258048K, used 24244K [0x00000000e0000000, 0x0000000100000000)
  region size 1024K, 22 young (22528K), 11 survivors (11264K)
 Metaspace       used 29922K, capacity 31059K, committed 31104K, reserved 1077248K
  class space    used 3198K, capacity 3670K, committed 3712K, reserved 1048576K
GC Heap History (6 events):
Event: 0.460 GC heap before
{Heap before GC invocations=0 (full 0):
 garbage-first heap   total 258048K, used 23552K [0x00000000e0000000, 0x0000000100000000)
  region size 1024K, 24 young (24576K), 0 survivors (0K)
 Metaspace       used 10908K, capacity 11083K, committed 11136K, reserved 1058816K
  class space    used 1062K, capacity 1142K, committed 1152K, reserved 1048576K
}
Event: 0.463 GC heap after
{Heap after GC invocations=1 (full 0):
 garbage-first heap   total 258048K, used 3413K [0x00000000e0000000, 0x0000000100000000)
  region size 1024K, 3 young (3072K), 3 survivors (3072K)
 Metaspace       used 10908K, capacity 11083K, committed 11136K, reserved 1058816K
  class space    used 1062K, capacity 1142K, committed 1152K, reserved 1048576K
}
Event: 1.535 GC heap before
{Heap before GC invocations=1 (full 0):
 garbage-first heap   total 258048K, used 128341K [0x00000000e0000000, 0x0000000100000000)
  region size 1024K, 117 young (119808K), 3 survivors (3072K)
 Metaspace       used 20756K, capacity 21105K, committed 21248K, reserved 1069056K
  class space    used 2064K, capacity 2201K, committed 2304K, reserved 1048576K
}
Event: 1.544 GC heap after
{Heap after GC invocations=2 (full 0):
 garbage-first heap   total 258048K, used 6135K [0x00000000e0000000, 0x0000000100000000)
  region size 1024K, 6 young (6144K), 6 survivors (6144K)
 Metaspace       used 20756K, capacity 21105K, committed 21248K, reserved 1069056K
  class space    used 2064K, capacity 2201K, committed 2304K, reserved 1048576K
}
Event: 11.780 GC heap before
{Heap before GC invocations=3 (full 0):
 garbage-first heap   total 258048K, used 135159K [0x00000000e0000000, 0x0000000100000000)
  region size 1024K, 130 young (133120K), 6 survivors (6144K)
 Metaspace       used 29851K, capacity 30934K, committed 31104K, reserved 1077248K
  class space    used 3188K, capacity 3651K, committed 3712K, reserved 1048576K
}
Event: 11.790 GC heap after
{Heap after GC invocations=4 (full 0):
 garbage-first heap   total 258048K, used 14004K [0x00000000e0000000, 0x0000000100000000)
  region size 1024K, 11 young (11264K), 11 survivors (11264K)
 Metaspace       used 29851K, capacity 30934K, committed 31104K, reserved 1077248K
  class space    used 3188K, capacity 3651K, committed 3712K, reserved 1048576K
}

