# JRE version: Java(TM) SE Runtime Environment (11.0.2+9) (build 11.0.2+9-LTS)
# Java VM: Java HotSpot(TM) 64-Bit Server VM (11.0.2+9-LTS, mixed mode, tiered, compressed oops, g1 gc, windows-amd64)
Heap:
 garbage-first heap   total 61440K, used 19587K [0x00000000e0000000, 0x0000000100000000)
  region size 1024K, 6 young (6144K), 3 survivors (3072K)
 Metaspace       used 30835K, capacity 32121K, committed 32256K, reserved 1077248K
  class space    used 3296K, capacity 3834K, committed 3840K, reserved 1048576K
GC Heap History (10 events):
Event: 9.774 GC heap before
{Heap before GC invocations=11 (full 1):
 garbage-first heap   total 61440K, used 34192K [0x00000000e0000000, 0x0000000100000000)
  region size 1024K, 15 young (15360K), 2 survivors (2048K)
 Metaspace       used 29206K, capacity 30391K, committed 30592K, reserved 1077248K
  class space    used 3197K, capacity 3707K, committed 3712K, reserved 1048576K
}
Event: 9.775 GC heap after
{Heap after GC invocations=12 (full 1):
 garbage-first heap   total 61440K, used 22116K [0x00000000e0000000, 0x0000000100000000)
  region size 1024K, 2 young (2048K), 2 survivors (2048K)
 Metaspace       used 29206K, capacity 30391K, committed 30592K, reserved 1077248K
  class space    used 3197K, capacity 3707K, committed 3712K, reserved 1048576K
}
Event: 9.898 GC heap before
{Heap before GC invocations=13 (full 1):
 garbage-first heap   total 61440K, used 48740K [0x00000000e0000000, 0x0000000100000000)
  region size 1024K, 24 young (24576K), 2 survivors (2048K)
 Metaspace       used 30261K, capacity 31459K, committed 31744K, reserved 1077248K
  class space    used 3236K, capacity 3743K, committed 3840K, reserved 1048576K
}
Event: 9.899 GC heap after
{Heap after GC invocations=14 (full 1):
 garbage-first heap   total 61440K, used 16803K [0x00000000e0000000, 0x0000000100000000)
  region size 1024K, 1 young (1024K), 1 survivors (1024K)
 Metaspace       used 30261K, capacity 31459K, committed 31744K, reserved 1077248K
  class space    used 3236K, capacity 3743K, committed 3840K, reserved 1048576K
}
Event: 9.915 GC heap before
{Heap before GC invocations=14 (full 1):
 garbage-first heap   total 61440K, used 17827K [0x00000000e0000000, 0x0000000100000000)
  region size 1024K, 3 young (3072K), 1 survivors (1024K)
 Metaspace       used 30367K, capacity 31650K, committed 31744K, reserved 1077248K
  class space    used 3254K, capacity 3785K, committed 3840K, reserved 1048576K
}
Event: 9.916 GC heap after
{Heap after GC invocations=15 (full 1):
 garbage-first heap   total 61440K, used 16868K [0x00000000e0000000, 0x0000000100000000)
  region size 1024K, 1 young (1024K), 1 survivors (1024K)
 Metaspace       used 30367K, capacity 31650K, committed 31744K, reserved 1077248K
  class space    used 3254K, capacity 3785K, committed 3840K, reserved 1048576K
}
Event: 9.997 GC heap before
{Heap before GC invocations=15 (full 1):
 garbage-first heap   total 61440K, used 45540K [0x00000000e0000000, 0x0000000100000000)
  region size 1024K, 29 young (29696K), 1 survivors (1024K)
 Metaspace       used 30677K, capacity 32003K, committed 32256K, reserved 1077248K
  class space    used 3277K, capacity 3817K, committed 3840K, reserved 1048576K
}
Event: 9.998 GC heap after
{Heap after GC invocations=16 (full 1):
 garbage-first heap   total 61440K, used 17855K [0x00000000e0000000, 0x0000000100000000)
  region size 1024K, 2 young (2048K), 2 survivors (2048K)
 Metaspace       used 30677K, capacity 32003K, committed 32256K, reserved 1077248K
  class space    used 3277K, capacity 3817K, committed 3840K, reserved 1048576K
}
Event: 10.120 GC heap before
{Heap before GC invocations=16 (full 1):
 garbage-first heap   total 61440K, used 46527K [0x00000000e0000000, 0x0000000100000000)
  region size 1024K, 30 young (30720K), 2 survivors (2048K)
 Metaspace       used 30831K, capacity 32121K, committed 32256K, reserved 1077248K
  class space    used 3296K, capacity 3834K, committed 3840K, reserved 1048576K
}
Event: 10.122 GC heap after
{Heap after GC invocations=17 (full 1):
 garbage-first heap   total 61440K, used 18563K [0x00000000e0000000, 0x0000000100000000)
  region size 1024K, 3 young (3072K), 3 survivors (3072K)
 Metaspace       used 30831K, capacity 32121K, committed 32256K, reserved 1077248K
  class space    used 3296K, capacity 3834K, committed 3840K, reserved 1048576K
}

