# JRE version: Java(TM) SE Runtime Environment (11.0.2+9) (build 11.0.2+9-LTS)
# Java VM: Java HotSpot(TM) 64-Bit Server VM (11.0.2+9-LTS, mixed mode, tiered, compressed oops, g1 gc, windows-amd64)
Heap:
 garbage-first heap   total 58368K, used 13378K [0x00000000e0000000, 0x0000000100000000)
  region size 1024K, 1 young (1024K), 0 survivors (0K)
 Metaspace       used 25387K, capacity 26577K, committed 26624K, reserved 1073152K
  class space    used 2821K, capacity 3309K, committed 3328K, reserved 1048576K
GC Heap History (10 events):
Event: 1.650 GC heap before
{Heap before GC invocations=4 (full 0):
 garbage-first heap   total 258048K, used 95750K [0x00000000e0000000, 0x0000000100000000)
  region size 1024K, 88 young (90112K), 4 survivors (4096K)
 Metaspace       used 23462K, capacity 24303K, committed 24448K, reserved 1071104K
  class space    used 2597K, capacity 2936K, committed 2944K, reserved 1048576K
}
Event: 1.655 GC heap after
{Heap after GC invocations=5 (full 0):
 garbage-first heap   total 258048K, used 11543K [0x00000000e0000000, 0x0000000100000000)
  region size 1024K, 6 young (6144K), 6 survivors (6144K)
 Metaspace       used 23462K, capacity 24303K, committed 24448K, reserved 1071104K
  class space    used 2597K, capacity 2936K, committed 2944K, reserved 1048576K
}
Event: 2.165 GC heap before
{Heap before GC invocations=5 (full 0):
 garbage-first heap   total 258048K, used 145687K [0x00000000e0000000, 0x0000000100000000)
  region size 1024K, 137 young (140288K), 6 survivors (6144K)
 Metaspace       used 24535K, capacity 25535K, committed 25728K, reserved 1071104K
  class space    used 2740K, capacity 3159K, committed 3200K, reserved 1048576K
}
Event: 2.171 GC heap after
{Heap after GC invocations=6 (full 0):
 garbage-first heap   total 258048K, used 12780K [0x00000000e0000000, 0x0000000100000000)
  region size 1024K, 7 young (7168K), 7 survivors (7168K)
 Metaspace       used 24535K, capacity 25535K, committed 25728K, reserved 1071104K
  class space    used 2740K, capacity 3159K, committed 3200K, reserved 1048576K
}
Event: 2.481 GC heap before
{Heap before GC invocations=6 (full 0):
 garbage-first heap   total 258048K, used 160236K [0x00000000e0000000, 0x0000000100000000)
  region size 1024K, 151 young (154624K), 7 survivors (7168K)
 Metaspace       used 24788K, capacity 25918K, committed 26112K, reserved 1073152K
  class space    used 2774K, capacity 3221K, committed 3328K, reserved 1048576K
}
Event: 2.488 GC heap after
{Heap after GC invocations=7 (full 0):
 garbage-first heap   total 258048K, used 14998K [0x00000000e0000000, 0x0000000100000000)
  region size 1024K, 9 young (9216K), 9 survivors (9216K)
 Metaspace       used 24788K, capacity 25918K, committed 26112K, reserved 1073152K
  class space    used 2774K, capacity 3221K, committed 3328K, reserved 1048576K
}
Event: 2.729 GC heap before
{Heap before GC invocations=7 (full 0):
 garbage-first heap   total 258048K, used 159382K [0x00000000e0000000, 0x0000000100000000)
  region size 1024K, 151 young (154624K), 9 survivors (9216K)
 Metaspace       used 24871K, capacity 26022K, committed 26368K, reserved 1073152K
  class space    used 2780K, capacity 3233K, committed 3328K, reserved 1048576K
}
Event: 2.734 GC heap after
{Heap after GC invocations=8 (full 0):
 garbage-first heap   total 258048K, used 16089K [0x00000000e0000000, 0x0000000100000000)
  region size 1024K, 10 young (10240K), 10 survivors (10240K)
 Metaspace       used 24871K, capacity 26022K, committed 26368K, reserved 1073152K
  class space    used 2780K, capacity 3233K, committed 3328K, reserved 1048576K
}
Event: 22.642 GC heap before
{Heap before GC invocations=8 (full 0):
 garbage-first heap   total 258048K, used 101081K [0x00000000e0000000, 0x0000000100000000)
  region size 1024K, 95 young (97280K), 10 survivors (10240K)
 Metaspace       used 25386K, capacity 26577K, committed 26624K, reserved 1073152K
  class space    used 2821K, capacity 3309K, committed 3328K, reserved 1048576K
}
Event: 22.667 GC heap after
{Heap after GC invocations=9 (full 1):
 garbage-first heap   total 58368K, used 13378K [0x00000000e0000000, 0x0000000100000000)
  region size 1024K, 0 young (0K), 0 survivors (0K)
 Metaspace       used 25386K, capacity 26577K, committed 26624K, reserved 1073152K
  class space    used 2821K, capacity 3309K, committed 3328K, reserved 1048576K
}

