# JRE version: Java(TM) SE Runtime Environment (11.0.2+9) (build 11.0.2+9-LTS)
# Java VM: Java HotSpot(TM) 64-Bit Server VM (11.0.2+9-LTS, mixed mode, tiered, compressed oops, g1 gc, windows-amd64)
Heap:
 garbage-first heap   total 61440K, used 13895K [0x00000000e0000000, 0x0000000100000000)
  region size 1024K, 1 young (1024K), 0 survivors (0K)
 Metaspace       used 25444K, capacity 26586K, committed 26624K, reserved 1073152K
  class space    used 2825K, capacity 3309K, committed 3328K, reserved 1048576K
GC Heap History (10 events):
Event: 1.529 GC heap before
{Heap before GC invocations=4 (full 0):
 garbage-first heap   total 258048K, used 91605K [0x00000000e0000000, 0x0000000100000000)
  region size 1024K, 84 young (86016K), 4 survivors (4096K)
 Metaspace       used 23402K, capacity 24179K, committed 24192K, reserved 1071104K
  class space    used 2601K, capacity 2936K, committed 2944K, reserved 1048576K
}
Event: 1.532 GC heap after
{Heap after GC invocations=5 (full 0):
 garbage-first heap   total 258048K, used 10775K [0x00000000e0000000, 0x0000000100000000)
  region size 1024K, 5 young (5120K), 5 survivors (5120K)
 Metaspace       used 23402K, capacity 24179K, committed 24192K, reserved 1071104K
  class space    used 2601K, capacity 2936K, committed 2944K, reserved 1048576K
}
Event: 1.957 GC heap before
{Heap before GC invocations=5 (full 0):
 garbage-first heap   total 258048K, used 132631K [0x00000000e0000000, 0x0000000100000000)
  region size 1024K, 124 young (126976K), 5 survivors (5120K)
 Metaspace       used 24491K, capacity 25563K, committed 25728K, reserved 1071104K
  class space    used 2745K, capacity 3191K, committed 3200K, reserved 1048576K
}
Event: 1.965 GC heap after
{Heap after GC invocations=6 (full 0):
 garbage-first heap   total 258048K, used 12130K [0x00000000e0000000, 0x0000000100000000)
  region size 1024K, 7 young (7168K), 7 survivors (7168K)
 Metaspace       used 24491K, capacity 25563K, committed 25728K, reserved 1071104K
  class space    used 2745K, capacity 3191K, committed 3200K, reserved 1048576K
}
Event: 2.331 GC heap before
{Heap before GC invocations=6 (full 0):
 garbage-first heap   total 258048K, used 158562K [0x00000000e0000000, 0x0000000100000000)
  region size 1024K, 151 young (154624K), 7 survivors (7168K)
 Metaspace       used 24807K, capacity 25959K, committed 26112K, reserved 1073152K
  class space    used 2778K, capacity 3253K, committed 3328K, reserved 1048576K
}
Event: 2.337 GC heap after
{Heap after GC invocations=7 (full 0):
 garbage-first heap   total 258048K, used 14904K [0x00000000e0000000, 0x0000000100000000)
  region size 1024K, 9 young (9216K), 9 survivors (9216K)
 Metaspace       used 24807K, capacity 25959K, committed 26112K, reserved 1073152K
  class space    used 2778K, capacity 3253K, committed 3328K, reserved 1048576K
}
Event: 2.552 GC heap before
{Heap before GC invocations=7 (full 0):
 garbage-first heap   total 258048K, used 160312K [0x00000000e0000000, 0x0000000100000000)
  region size 1024K, 151 young (154624K), 9 survivors (9216K)
 Metaspace       used 24935K, capacity 26063K, committed 26368K, reserved 1073152K
  class space    used 2785K, capacity 3265K, committed 3328K, reserved 1048576K
}
Event: 2.558 GC heap after
{Heap after GC invocations=8 (full 0):
 garbage-first heap   total 258048K, used 15124K [0x00000000e0000000, 0x0000000100000000)
  region size 1024K, 9 young (9216K), 9 survivors (9216K)
 Metaspace       used 24935K, capacity 26063K, committed 26368K, reserved 1073152K
  class space    used 2785K, capacity 3265K, committed 3328K, reserved 1048576K
}
Event: 21.013 GC heap before
{Heap before GC invocations=8 (full 0):
 garbage-first heap   total 258048K, used 114452K [0x00000000e0000000, 0x0000000100000000)
  region size 1024K, 108 young (110592K), 9 survivors (9216K)
 Metaspace       used 25442K, capacity 26586K, committed 26624K, reserved 1073152K
  class space    used 2825K, capacity 3309K, committed 3328K, reserved 1048576K
}
Event: 21.036 GC heap after
{Heap after GC invocations=9 (full 1):
 garbage-first heap   total 61440K, used 13895K [0x00000000e0000000, 0x0000000100000000)
  region size 1024K, 0 young (0K), 0 survivors (0K)
 Metaspace       used 25442K, capacity 26586K, committed 26624K, reserved 1073152K
  class space    used 2825K, capacity 3309K, committed 3328K, reserved 1048576K
}

