# JRE version: Java(TM) SE Runtime Environment (11.0.2+9) (build 11.0.2+9-LTS)
# Java VM: Java HotSpot(TM) 64-Bit Server VM (11.0.2+9-LTS, mixed mode, tiered, compressed oops, g1 gc, windows-amd64)
Heap:
 garbage-first heap   total 258048K, used 14860K [0x00000000e0000000, 0x0000000100000000)
  region size 1024K, 10 young (10240K), 9 survivors (9216K)
 Metaspace       used 25482K, capacity 26646K, committed 26880K, reserved 1073152K
  class space    used 2831K, capacity 3309K, committed 3328K, reserved 1048576K
GC Heap History (10 events):
Event: 1.519 GC heap before
{Heap before GC invocations=4 (full 0):
 garbage-first heap   total 258048K, used 92610K [0x00000000e0000000, 0x0000000100000000)
  region size 1024K, 85 young (87040K), 4 survivors (4096K)
 Metaspace       used 23395K, capacity 24174K, committed 24192K, reserved 1071104K
  class space    used 2605K, capacity 2936K, committed 2944K, reserved 1048576K
}
Event: 1.523 GC heap after
{Heap after GC invocations=5 (full 0):
 garbage-first heap   total 258048K, used 11432K [0x00000000e0000000, 0x0000000100000000)
  region size 1024K, 6 young (6144K), 6 survivors (6144K)
 Metaspace       used 23395K, capacity 24174K, committed 24192K, reserved 1071104K
  class space    used 2605K, capacity 2936K, committed 2944K, reserved 1048576K
}
Event: 1.963 GC heap before
{Heap before GC invocations=5 (full 0):
 garbage-first heap   total 258048K, used 141480K [0x00000000e0000000, 0x0000000100000000)
  region size 1024K, 133 young (136192K), 6 survivors (6144K)
 Metaspace       used 24534K, capacity 25563K, committed 25728K, reserved 1071104K
  class space    used 2749K, capacity 3191K, committed 3200K, reserved 1048576K
}
Event: 1.969 GC heap after
{Heap after GC invocations=6 (full 0):
 garbage-first heap   total 258048K, used 12647K [0x00000000e0000000, 0x0000000100000000)
  region size 1024K, 7 young (7168K), 7 survivors (7168K)
 Metaspace       used 24534K, capacity 25563K, committed 25728K, reserved 1071104K
  class space    used 2749K, capacity 3191K, committed 3200K, reserved 1048576K
}
Event: 2.328 GC heap before
{Heap before GC invocations=6 (full 0):
 garbage-first heap   total 258048K, used 159079K [0x00000000e0000000, 0x0000000100000000)
  region size 1024K, 151 young (154624K), 7 survivors (7168K)
 Metaspace       used 24810K, capacity 25955K, committed 26112K, reserved 1073152K
  class space    used 2784K, capacity 3253K, committed 3328K, reserved 1048576K
}
Event: 2.335 GC heap after
{Heap after GC invocations=7 (full 0):
 garbage-first heap   total 258048K, used 16155K [0x00000000e0000000, 0x0000000100000000)
  region size 1024K, 10 young (10240K), 10 survivors (10240K)
 Metaspace       used 24810K, capacity 25955K, committed 26112K, reserved 1073152K
  class space    used 2784K, capacity 3253K, committed 3328K, reserved 1048576K
}
Event: 2.561 GC heap before
{Heap before GC invocations=7 (full 0):
 garbage-first heap   total 258048K, used 159515K [0x00000000e0000000, 0x0000000100000000)
  region size 1024K, 151 young (154624K), 10 survivors (10240K)
 Metaspace       used 24941K, capacity 26059K, committed 26368K, reserved 1073152K
  class space    used 2790K, capacity 3265K, committed 3328K, reserved 1048576K
}
Event: 2.568 GC heap after
{Heap after GC invocations=8 (full 0):
 garbage-first heap   total 258048K, used 16531K [0x00000000e0000000, 0x0000000100000000)
  region size 1024K, 11 young (11264K), 11 survivors (11264K)
 Metaspace       used 24941K, capacity 26059K, committed 26368K, reserved 1073152K
  class space    used 2790K, capacity 3265K, committed 3328K, reserved 1048576K
}
Event: 21.168 GC heap before
{Heap before GC invocations=8 (full 0):
 garbage-first heap   total 258048K, used 104595K [0x00000000e0000000, 0x0000000100000000)
  region size 1024K, 99 young (101376K), 11 survivors (11264K)
 Metaspace       used 25481K, capacity 26646K, committed 26880K, reserved 1073152K
  class space    used 2831K, capacity 3309K, committed 3328K, reserved 1048576K
}
Event: 21.173 GC heap after
{Heap after GC invocations=9 (full 0):
 garbage-first heap   total 258048K, used 14860K [0x00000000e0000000, 0x0000000100000000)
  region size 1024K, 9 young (9216K), 9 survivors (9216K)
 Metaspace       used 25481K, capacity 26646K, committed 26880K, reserved 1073152K
  class space    used 2831K, capacity 3309K, committed 3328K, reserved 1048576K
}

