# JRE version: Java(TM) SE Runtime Environment (11.0.2+9) (build 11.0.2+9-LTS)
# Java VM: Java HotSpot(TM) 64-Bit Server VM (11.0.2+9-LTS, mixed mode, tiered, compressed oops, g1 gc, windows-amd64)
Heap:
 garbage-first heap   total 258048K, used 29642K [0x00000000e0000000, 0x0000000100000000)
  region size 1024K, 24 young (24576K), 8 survivors (8192K)
 Metaspace       used 30276K, capacity 31409K, committed 31744K, reserved 1077248K
  class space    used 3248K, capacity 3750K, committed 3840K, reserved 1048576K
GC Heap History (8 events):
Event: 0.467 GC heap before
{Heap before GC invocations=0 (full 0):
 garbage-first heap   total 258048K, used 23552K [0x00000000e0000000, 0x0000000100000000)
  region size 1024K, 24 young (24576K), 0 survivors (0K)
 Metaspace       used 10916K, capacity 11080K, committed 11136K, reserved 1058816K
  class space    used 1062K, capacity 1142K, committed 1152K, reserved 1048576K
}
Event: 0.469 GC heap after
{Heap after GC invocations=1 (full 0):
 garbage-first heap   total 258048K, used 3198K [0x00000000e0000000, 0x0000000100000000)
  region size 1024K, 3 young (3072K), 3 survivors (3072K)
 Metaspace       used 10916K, capacity 11080K, committed 11136K, reserved 1058816K
  class space    used 1062K, capacity 1142K, committed 1152K, reserved 1048576K
}
Event: 1.191 GC heap before
{Heap before GC invocations=1 (full 0):
 garbage-first heap   total 258048K, used 43134K [0x00000000e0000000, 0x0000000100000000)
  region size 1024K, 43 young (44032K), 3 survivors (3072K)
 Metaspace       used 20604K, capacity 21170K, committed 21248K, reserved 1069056K
  class space    used 2262K, capacity 2487K, committed 2560K, reserved 1048576K
}
Event: 1.197 GC heap after
{Heap after GC invocations=2 (full 0):
 garbage-first heap   total 258048K, used 5268K [0x00000000e0000000, 0x0000000100000000)
  region size 1024K, 6 young (6144K), 6 survivors (6144K)
 Metaspace       used 20604K, capacity 21170K, committed 21248K, reserved 1069056K
  class space    used 2262K, capacity 2487K, committed 2560K, reserved 1048576K
}
Event: 19.065 GC heap before
{Heap before GC invocations=3 (full 0):
 garbage-first heap   total 258048K, used 65684K [0x00000000e0000000, 0x0000000100000000)
  region size 1024K, 63 young (64512K), 6 survivors (6144K)
 Metaspace       used 25695K, capacity 26575K, committed 26880K, reserved 1073152K
  class space    used 2859K, capacity 3251K, committed 3328K, reserved 1048576K
}
Event: 19.075 GC heap after
{Heap after GC invocations=4 (full 0):
 garbage-first heap   total 258048K, used 10127K [0x00000000e0000000, 0x0000000100000000)
  region size 1024K, 4 young (4096K), 4 survivors (4096K)
 Metaspace       used 25695K, capacity 26575K, committed 26880K, reserved 1073152K
  class space    used 2859K, capacity 3251K, committed 3328K, reserved 1048576K
}
Event: 21.304 GC heap before
{Heap before GC invocations=4 (full 0):
 garbage-first heap   total 258048K, used 170895K [0x00000000e0000000, 0x0000000100000000)
  region size 1024K, 152 young (155648K), 4 survivors (4096K)
 Metaspace       used 30185K, capacity 31346K, committed 31488K, reserved 1077248K
  class space    used 3238K, capacity 3731K, committed 3840K, reserved 1048576K
}
Event: 21.315 GC heap after
{Heap after GC invocations=5 (full 0):
 garbage-first heap   total 258048K, used 14282K [0x00000000e0000000, 0x0000000100000000)
  region size 1024K, 8 young (8192K), 8 survivors (8192K)
 Metaspace       used 30185K, capacity 31346K, committed 31488K, reserved 1077248K
  class space    used 3238K, capacity 3731K, committed 3840K, reserved 1048576K
}

