# JRE version: Java(TM) SE Runtime Environment (11.0.2+9) (build 11.0.2+9-LTS)
# Java VM: Java HotSpot(TM) 64-Bit Server VM (11.0.2+9-LTS, mixed mode, tiered, compressed oops, g1 gc, windows-amd64)
Heap:
 garbage-first heap   total 258048K, used 24519K [0x00000000e0000000, 0x0000000100000000)
  region size 1024K, 22 young (22528K), 11 survivors (11264K)
 Metaspace       used 29874K, capacity 30990K, committed 31104K, reserved 1077248K
  class space    used 3191K, capacity 3672K, committed 3712K, reserved 1048576K
GC Heap History (6 events):
Event: 0.586 GC heap before
{Heap before GC invocations=0 (full 0):
 garbage-first heap   total 258048K, used 23552K [0x00000000e0000000, 0x0000000100000000)
  region size 1024K, 24 young (24576K), 0 survivors (0K)
 Metaspace       used 10911K, capacity 11079K, committed 11136K, reserved 1058816K
  class space    used 1062K, capacity 1142K, committed 1152K, reserved 1048576K
}
Event: 0.589 GC heap after
{Heap after GC invocations=1 (full 0):
 garbage-first heap   total 258048K, used 3025K [0x00000000e0000000, 0x0000000100000000)
  region size 1024K, 3 young (3072K), 3 survivors (3072K)
 Metaspace       used 10911K, capacity 11079K, committed 11136K, reserved 1058816K
  class space    used 1062K, capacity 1142K, committed 1152K, reserved 1048576K
}
Event: 2.082 GC heap before
{Heap before GC invocations=1 (full 0):
 garbage-first heap   total 258048K, used 128977K [0x00000000e0000000, 0x0000000100000000)
  region size 1024K, 117 young (119808K), 3 survivors (3072K)
 Metaspace       used 20750K, capacity 21098K, committed 21248K, reserved 1069056K
  class space    used 2062K, capacity 2200K, committed 2304K, reserved 1048576K
}
Event: 2.095 GC heap after
{Heap after GC invocations=2 (full 0):
 garbage-first heap   total 258048K, used 6144K [0x00000000e0000000, 0x0000000100000000)
  region size 1024K, 6 young (6144K), 6 survivors (6144K)
 Metaspace       used 20750K, capacity 21098K, committed 21248K, reserved 1069056K
  class space    used 2062K, capacity 2200K, committed 2304K, reserved 1048576K
}
Event: 17.356 GC heap before
{Heap before GC invocations=3 (full 0):
 garbage-first heap   total 258048K, used 138240K [0x00000000e0000000, 0x0000000100000000)
  region size 1024K, 132 young (135168K), 6 survivors (6144K)
 Metaspace       used 29817K, capacity 30865K, committed 31104K, reserved 1077248K
  class space    used 3180K, capacity 3651K, committed 3712K, reserved 1048576K
}
Event: 17.373 GC heap after
{Heap after GC invocations=4 (full 0):
 garbage-first heap   total 258048K, used 14279K [0x00000000e0000000, 0x0000000100000000)
  region size 1024K, 11 young (11264K), 11 survivors (11264K)
 Metaspace       used 29817K, capacity 30865K, committed 31104K, reserved 1077248K
  class space    used 3180K, capacity 3651K, committed 3712K, reserved 1048576K
}

