# JRE version: Java(TM) SE Runtime Environment (11.0.2+9) (build 11.0.2+9-LTS)
# Java VM: Java HotSpot(TM) 64-Bit Server VM (11.0.2+9-LTS, mixed mode, tiered, compressed oops, g1 gc, windows-amd64)
Heap:
 garbage-first heap   total 258048K, used 24938K [0x00000000e0000000, 0x0000000100000000)
  region size 1024K, 23 young (23552K), 11 survivors (11264K)
 Metaspace       used 29837K, capacity 30916K, committed 31104K, reserved 1077248K
  class space    used 3169K, capacity 3613K, committed 3712K, reserved 1048576K
GC Heap History (6 events):
Event: 0.431 GC heap before
{Heap before GC invocations=0 (full 0):
 garbage-first heap   total 258048K, used 23552K [0x00000000e0000000, 0x0000000100000000)
  region size 1024K, 24 young (24576K), 0 survivors (0K)
 Metaspace       used 10914K, capacity 11080K, committed 11136K, reserved 1058816K
  class space    used 1062K, capacity 1142K, committed 1152K, reserved 1048576K
}
Event: 0.434 GC heap after
{Heap after GC invocations=1 (full 0):
 garbage-first heap   total 258048K, used 2871K [0x00000000e0000000, 0x0000000100000000)
  region size 1024K, 3 young (3072K), 3 survivors (3072K)
 Metaspace       used 10914K, capacity 11080K, committed 11136K, reserved 1058816K
  class space    used 1062K, capacity 1142K, committed 1152K, reserved 1048576K
}
Event: 1.524 GC heap before
{Heap before GC invocations=1 (full 0):
 garbage-first heap   total 258048K, used 129847K [0x00000000e0000000, 0x0000000100000000)
  region size 1024K, 118 young (120832K), 3 survivors (3072K)
 Metaspace       used 20760K, capacity 21109K, committed 21248K, reserved 1069056K
  class space    used 2067K, capacity 2203K, committed 2304K, reserved 1048576K
}
Event: 1.531 GC heap after
{Heap after GC invocations=2 (full 0):
 garbage-first heap   total 258048K, used 6111K [0x00000000e0000000, 0x0000000100000000)
  region size 1024K, 6 young (6144K), 6 survivors (6144K)
 Metaspace       used 20760K, capacity 21109K, committed 21248K, reserved 1069056K
  class space    used 2067K, capacity 2203K, committed 2304K, reserved 1048576K
}
Event: 17.001 GC heap before
{Heap before GC invocations=3 (full 0):
 garbage-first heap   total 258048K, used 139231K [0x00000000e0000000, 0x0000000100000000)
  region size 1024K, 133 young (136192K), 6 survivors (6144K)
 Metaspace       used 29749K, capacity 30793K, committed 31104K, reserved 1077248K
  class space    used 3160K, capacity 3594K, committed 3712K, reserved 1048576K
}
Event: 17.016 GC heap after
{Heap after GC invocations=4 (full 0):
 garbage-first heap   total 258048K, used 13674K [0x00000000e0000000, 0x0000000100000000)
  region size 1024K, 11 young (11264K), 11 survivors (11264K)
 Metaspace       used 29749K, capacity 30793K, committed 31104K, reserved 1077248K
  class space    used 3160K, capacity 3594K, committed 3712K, reserved 1048576K
}

