# JRE version: Java(TM) SE Runtime Environment (11.0.2+9) (build 11.0.2+9-LTS)
# Java VM: Java HotSpot(TM) 64-Bit Server VM (11.0.2+9-LTS, mixed mode, tiered, compressed oops, g1 gc, windows-amd64)
Heap:
 garbage-first heap   total 258048K, used 18475K [0x00000000e0000000, 0x0000000100000000)
  region size 1024K, 14 young (14336K), 5 survivors (5120K)
 Metaspace       used 24379K, capacity 25381K, committed 25472K, reserved 1071104K
  class space    used 2752K, capacity 3179K, committed 3200K, reserved 1048576K
GC Heap History (6 events):
Event: 0.381 GC heap before
{Heap before GC invocations=0 (full 0):
 garbage-first heap   total 258048K, used 24576K [0x00000000e0000000, 0x0000000100000000)
  region size 1024K, 24 young (24576K), 0 survivors (0K)
 Metaspace       used 10904K, capacity 11080K, committed 11136K, reserved 1058816K
  class space    used 1062K, capacity 1142K, committed 1152K, reserved 1048576K
}
Event: 0.383 GC heap after
{Heap after GC invocations=1 (full 0):
 garbage-first heap   total 258048K, used 3210K [0x00000000e0000000, 0x0000000100000000)
  region size 1024K, 3 young (3072K), 3 survivors (3072K)
 Metaspace       used 10904K, capacity 11080K, committed 11136K, reserved 1058816K
  class space    used 1062K, capacity 1142K, committed 1152K, reserved 1048576K
}
Event: 0.946 GC heap before
{Heap before GC invocations=1 (full 0):
 garbage-first heap   total 258048K, used 43146K [0x00000000e0000000, 0x0000000100000000)
  region size 1024K, 43 young (44032K), 3 survivors (3072K)
 Metaspace       used 20599K, capacity 21171K, committed 21248K, reserved 1069056K
  class space    used 2265K, capacity 2487K, committed 2560K, reserved 1048576K
}
Event: 0.952 GC heap after
{Heap after GC invocations=2 (full 0):
 garbage-first heap   total 258048K, used 5143K [0x00000000e0000000, 0x0000000100000000)
  region size 1024K, 5 young (5120K), 5 survivors (5120K)
 Metaspace       used 20599K, capacity 21171K, committed 21248K, reserved 1069056K
  class space    used 2265K, capacity 2487K, committed 2560K, reserved 1048576K
}
Event: 19.831 GC heap before
{Heap before GC invocations=3 (full 0):
 garbage-first heap   total 258048K, used 64535K [0x00000000e0000000, 0x0000000100000000)
  region size 1024K, 61 young (62464K), 5 survivors (5120K)
 Metaspace       used 24316K, capacity 25317K, committed 25472K, reserved 1071104K
  class space    used 2752K, capacity 3179K, committed 3200K, reserved 1048576K
}
Event: 19.838 GC heap after
{Heap after GC invocations=4 (full 0):
 garbage-first heap   total 258048K, used 10283K [0x00000000e0000000, 0x0000000100000000)
  region size 1024K, 5 young (5120K), 5 survivors (5120K)
 Metaspace       used 24316K, capacity 25317K, committed 25472K, reserved 1071104K
  class space    used 2752K, capacity 3179K, committed 3200K, reserved 1048576K
}

