# JRE version: Java(TM) SE Runtime Environment (11.0.2+9) (build 11.0.2+9-LTS)
# Java VM: Java HotSpot(TM) 64-Bit Server VM (11.0.2+9-LTS, mixed mode, tiered, compressed oops, g1 gc, windows-amd64)
Heap:
 garbage-first heap   total 258048K, used 13591K [0x0000000704000000, 0x0000000800000000)
  region size 1024K, 7 young (7168K), 4 survivors (4096K)
 Metaspace       used 24882K, capacity 25813K, committed 26032K, reserved 1073152K
  class space    used 2667K, capacity 3068K, committed 3072K, reserved 1048576K
GC Heap History (8 events):
Event: 0.669 GC heap before
{Heap before GC invocations=0 (full 0):
 garbage-first heap   total 258048K, used 26624K [0x0000000704000000, 0x0000000800000000)
  region size 1024K, 24 young (24576K), 0 survivors (0K)
 Metaspace       used 17989K, capacity 18437K, committed 18688K, reserved 1067008K
  class space    used 1785K, capacity 1958K, committed 2048K, reserved 1048576K
}
Event: 0.673 GC heap after
{Heap after GC invocations=1 (full 0):
 garbage-first heap   total 258048K, used 4430K [0x0000000704000000, 0x0000000800000000)
  region size 1024K, 3 young (3072K), 3 survivors (3072K)
 Metaspace       used 17989K, capacity 18437K, committed 18688K, reserved 1067008K
  class space    used 1785K, capacity 1958K, committed 2048K, reserved 1048576K
}
Event: 0.751 GC heap before
{Heap before GC invocations=1 (full 0):
 garbage-first heap   total 258048K, used 7502K [0x0000000704000000, 0x0000000800000000)
  region size 1024K, 7 young (7168K), 3 survivors (3072K)
 Metaspace       used 20694K, capacity 21185K, committed 21296K, reserved 1069056K
  class space    used 2176K, capacity 2389K, committed 2432K, reserved 1048576K
}
Event: 0.756 GC heap after
{Heap after GC invocations=2 (full 0):
 garbage-first heap   total 258048K, used 5303K [0x0000000704000000, 0x0000000800000000)
  region size 1024K, 1 young (1024K), 1 survivors (1024K)
 Metaspace       used 20694K, capacity 21185K, committed 21296K, reserved 1069056K
  class space    used 2176K, capacity 2389K, committed 2432K, reserved 1048576K
}
Event: 1.248 GC heap before
{Heap before GC invocations=3 (full 0):
 garbage-first heap   total 258048K, used 41143K [0x0000000704000000, 0x0000000800000000)
  region size 1024K, 34 young (34816K), 1 survivors (1024K)
 Metaspace       used 24084K, capacity 25013K, committed 25264K, reserved 1071104K
  class space    used 2597K, capacity 2974K, committed 3072K, reserved 1048576K
}
Event: 1.252 GC heap after
{Heap after GC invocations=4 (full 0):
 garbage-first heap   total 258048K, used 10204K [0x0000000704000000, 0x0000000800000000)
  region size 1024K, 3 young (3072K), 3 survivors (3072K)
 Metaspace       used 24084K, capacity 25013K, committed 25264K, reserved 1071104K
  class space    used 2597K, capacity 2974K, committed 3072K, reserved 1048576K
}
Event: 7.636 GC heap before
{Heap before GC invocations=4 (full 0):
 garbage-first heap   total 258048K, used 63452K [0x0000000704000000, 0x0000000800000000)
  region size 1024K, 55 young (56320K), 3 survivors (3072K)
 Metaspace       used 24877K, capacity 25813K, committed 26032K, reserved 1073152K
  class space    used 2667K, capacity 3068K, committed 3072K, reserved 1048576K
}
Event: 7.640 GC heap after
{Heap after GC invocations=5 (full 0):
 garbage-first heap   total 258048K, used 11543K [0x0000000704000000, 0x0000000800000000)
  region size 1024K, 4 young (4096K), 4 survivors (4096K)
 Metaspace       used 24877K, capacity 25813K, committed 26032K, reserved 1073152K
  class space    used 2667K, capacity 3068K, committed 3072K, reserved 1048576K
}

