# JRE version: Java(TM) SE Runtime Environment (11.0.2+9) (build 11.0.2+9-LTS)
# Java VM: Java HotSpot(TM) 64-Bit Server VM (11.0.2+9-LTS, mixed mode, tiered, compressed oops, g1 gc, windows-amd64)
Heap:
 garbage-first heap   total 258048K, used 23992K [0x00000000e0000000, 0x0000000100000000)
  region size 1024K, 19 young (19456K), 10 survivors (10240K)
 Metaspace       used 25409K, capacity 26582K, committed 26624K, reserved 1073152K
  class space    used 2821K, capacity 3309K, committed 3328K, reserved 1048576K
GC Heap History (10 events):
Event: 1.440 GC heap before
{Heap before GC invocations=3 (full 0):
 garbage-first heap   total 258048K, used 63700K [0x00000000e0000000, 0x0000000100000000)
  region size 1024K, 61 young (62464K), 6 survivors (6144K)
 Metaspace       used 23141K, capacity 23967K, committed 24192K, reserved 1071104K
  class space    used 2583K, capacity 2910K, committed 2944K, reserved 1048576K
}
Event: 1.445 GC heap after
{Heap after GC invocations=4 (full 0):
 garbage-first heap   total 258048K, used 10407K [0x00000000e0000000, 0x0000000100000000)
  region size 1024K, 4 young (4096K), 4 survivors (4096K)
 Metaspace       used 23141K, capacity 23967K, committed 24192K, reserved 1071104K
  class space    used 2583K, capacity 2910K, committed 2944K, reserved 1048576K
}
Event: 1.843 GC heap before
{Heap before GC invocations=4 (full 0):
 garbage-first heap   total 258048K, used 160935K [0x00000000e0000000, 0x0000000100000000)
  region size 1024K, 151 young (154624K), 4 survivors (4096K)
 Metaspace       used 23798K, capacity 24586K, committed 24832K, reserved 1071104K
  class space    used 2619K, capacity 2948K, committed 3072K, reserved 1048576K
}
Event: 1.848 GC heap after
{Heap after GC invocations=5 (full 0):
 garbage-first heap   total 258048K, used 11702K [0x00000000e0000000, 0x0000000100000000)
  region size 1024K, 6 young (6144K), 6 survivors (6144K)
 Metaspace       used 23798K, capacity 24586K, committed 24832K, reserved 1071104K
  class space    used 2619K, capacity 2948K, committed 3072K, reserved 1048576K
}
Event: 2.373 GC heap before
{Heap before GC invocations=5 (full 0):
 garbage-first heap   total 258048K, used 159158K [0x00000000e0000000, 0x0000000100000000)
  region size 1024K, 151 young (154624K), 6 survivors (6144K)
 Metaspace       used 24613K, capacity 25600K, committed 25728K, reserved 1071104K
  class space    used 2740K, capacity 3159K, committed 3200K, reserved 1048576K
}
Event: 2.379 GC heap after
{Heap after GC invocations=6 (full 0):
 garbage-first heap   total 258048K, used 13829K [0x00000000e0000000, 0x0000000100000000)
  region size 1024K, 8 young (8192K), 8 survivors (8192K)
 Metaspace       used 24613K, capacity 25600K, committed 25728K, reserved 1071104K
  class space    used 2740K, capacity 3159K, committed 3200K, reserved 1048576K
}
Event: 2.666 GC heap before
{Heap before GC invocations=6 (full 0):
 garbage-first heap   total 258048K, used 159237K [0x00000000e0000000, 0x0000000100000000)
  region size 1024K, 151 young (154624K), 8 survivors (8192K)
 Metaspace       used 24847K, capacity 25988K, committed 26112K, reserved 1073152K
  class space    used 2774K, capacity 3221K, committed 3328K, reserved 1048576K
}
Event: 2.673 GC heap after
{Heap after GC invocations=7 (full 0):
 garbage-first heap   total 258048K, used 15527K [0x00000000e0000000, 0x0000000100000000)
  region size 1024K, 9 young (9216K), 9 survivors (9216K)
 Metaspace       used 24847K, capacity 25988K, committed 26112K, reserved 1073152K
  class space    used 2774K, capacity 3221K, committed 3328K, reserved 1048576K
}
Event: 21.789 GC heap before
{Heap before GC invocations=7 (full 0):
 garbage-first heap   total 258048K, used 159911K [0x00000000e0000000, 0x0000000100000000)
  region size 1024K, 151 young (154624K), 9 survivors (9216K)
 Metaspace       used 25387K, capacity 26582K, committed 26624K, reserved 1073152K
  class space    used 2821K, capacity 3309K, committed 3328K, reserved 1048576K
}
Event: 21.796 GC heap after
{Heap after GC invocations=8 (full 0):
 garbage-first heap   total 258048K, used 15800K [0x00000000e0000000, 0x0000000100000000)
  region size 1024K, 10 young (10240K), 10 survivors (10240K)
 Metaspace       used 25387K, capacity 26582K, committed 26624K, reserved 1073152K
  class space    used 2821K, capacity 3309K, committed 3328K, reserved 1048576K
}

