# JRE version: Java(TM) SE Runtime Environment (11.0.2+9) (build 11.0.2+9-LTS)
# Java VM: Java HotSpot(TM) 64-Bit Server VM (11.0.2+9-LTS, mixed mode, tiered, compressed oops, g1 gc, windows-amd64)
Heap:
 garbage-first heap   total 258048K, used 67232K [0x00000000e0000000, 0x0000000100000000)
  region size 1024K, 62 young (63488K), 9 survivors (9216K)
 Metaspace       used 28794K, capacity 30021K, committed 30336K, reserved 1075200K
  class space    used 3119K, capacity 3644K, committed 3712K, reserved 1048576K
GC Heap History (10 events):
Event: 1.808 GC heap before
{Heap before GC invocations=4 (full 0):
 garbage-first heap   total 258048K, used 91008K [0x00000000e0000000, 0x0000000100000000)
  region size 1024K, 84 young (86016K), 4 survivors (4096K)
 Metaspace       used 23608K, capacity 24465K, committed 24704K, reserved 1071104K
  class space    used 2601K, capacity 2936K, committed 2944K, reserved 1048576K
}
Event: 1.812 GC heap after
{Heap after GC invocations=5 (full 0):
 garbage-first heap   total 258048K, used 10847K [0x00000000e0000000, 0x0000000100000000)
  region size 1024K, 5 young (5120K), 5 survivors (5120K)
 Metaspace       used 23608K, capacity 24465K, committed 24704K, reserved 1071104K
  class space    used 2601K, capacity 2936K, committed 2944K, reserved 1048576K
}
Event: 2.312 GC heap before
{Heap before GC invocations=5 (full 0):
 garbage-first heap   total 258048K, used 125535K [0x00000000e0000000, 0x0000000100000000)
  region size 1024K, 118 young (120832K), 5 survivors (5120K)
 Metaspace       used 24703K, capacity 25791K, committed 25984K, reserved 1073152K
  class space    used 2745K, capacity 3191K, committed 3200K, reserved 1048576K
}
Event: 2.320 GC heap after
{Heap after GC invocations=6 (full 0):
 garbage-first heap   total 258048K, used 12009K [0x00000000e0000000, 0x0000000100000000)
  region size 1024K, 6 young (6144K), 6 survivors (6144K)
 Metaspace       used 24703K, capacity 25791K, committed 25984K, reserved 1073152K
  class space    used 2745K, capacity 3191K, committed 3200K, reserved 1048576K
}
Event: 2.791 GC heap before
{Heap before GC invocations=6 (full 0):
 garbage-first heap   total 258048K, used 159465K [0x00000000e0000000, 0x0000000100000000)
  region size 1024K, 151 young (154624K), 6 survivors (6144K)
 Metaspace       used 25052K, capacity 26197K, committed 26368K, reserved 1073152K
  class space    used 2778K, capacity 3253K, committed 3328K, reserved 1048576K
}
Event: 2.799 GC heap after
{Heap after GC invocations=7 (full 0):
 garbage-first heap   total 258048K, used 14208K [0x00000000e0000000, 0x0000000100000000)
  region size 1024K, 8 young (8192K), 8 survivors (8192K)
 Metaspace       used 25052K, capacity 26197K, committed 26368K, reserved 1073152K
  class space    used 2778K, capacity 3253K, committed 3328K, reserved 1048576K
}
Event: 3.106 GC heap before
{Heap before GC invocations=7 (full 0):
 garbage-first heap   total 258048K, used 159616K [0x00000000e0000000, 0x0000000100000000)
  region size 1024K, 151 young (154624K), 8 survivors (8192K)
 Metaspace       used 25151K, capacity 26300K, committed 26368K, reserved 1073152K
  class space    used 2785K, capacity 3265K, committed 3328K, reserved 1048576K
}
Event: 3.114 GC heap after
{Heap after GC invocations=8 (full 0):
 garbage-first heap   total 258048K, used 16517K [0x00000000e0000000, 0x0000000100000000)
  region size 1024K, 11 young (11264K), 11 survivors (11264K)
 Metaspace       used 25151K, capacity 26300K, committed 26368K, reserved 1073152K
  class space    used 2785K, capacity 3265K, committed 3328K, reserved 1048576K
}
Event: 24.290 GC heap before
{Heap before GC invocations=8 (full 0):
 garbage-first heap   total 258048K, used 125061K [0x00000000e0000000, 0x0000000100000000)
  region size 1024K, 119 young (121856K), 11 survivors (11264K)
 Metaspace       used 25666K, capacity 26824K, committed 26880K, reserved 1073152K
  class space    used 2825K, capacity 3309K, committed 3328K, reserved 1048576K
}
Event: 24.295 GC heap after
{Heap after GC invocations=9 (full 0):
 garbage-first heap   total 258048K, used 15008K [0x00000000e0000000, 0x0000000100000000)
  region size 1024K, 9 young (9216K), 9 survivors (9216K)
 Metaspace       used 25666K, capacity 26824K, committed 26880K, reserved 1073152K
  class space    used 2825K, capacity 3309K, committed 3328K, reserved 1048576K
}

