# JRE version: Java(TM) SE Runtime Environment (11.0.2+9) (build 11.0.2+9-LTS)
# Java VM: Java HotSpot(TM) 64-Bit Server VM (11.0.2+9-LTS, mixed mode, tiered, compressed oops, g1 gc, windows-amd64)
Heap:
 garbage-first heap   total 59392K, used 18898K [0x00000000e0000000, 0x0000000100000000)
  region size 1024K, 5 young (5120K), 3 survivors (3072K)
 Metaspace       used 30935K, capacity 32221K, committed 32384K, reserved 1077248K
  class space    used 3300K, capacity 3866K, committed 3968K, reserved 1048576K
GC Heap History (10 events):
Event: 10.247 GC heap before
{Heap before GC invocations=10 (full 1):
 garbage-first heap   total 58368K, used 42761K [0x00000000e0000000, 0x0000000100000000)
  region size 1024K, 29 young (29696K), 3 survivors (3072K)
 Metaspace       used 28382K, capacity 29592K, committed 29824K, reserved 1075200K
  class space    used 3109K, capacity 3610K, committed 3712K, reserved 1048576K
}
Event: 10.249 GC heap after
{Heap after GC invocations=11 (full 1):
 garbage-first heap   total 58368K, used 15820K [0x00000000e0000000, 0x0000000100000000)
  region size 1024K, 3 young (3072K), 3 survivors (3072K)
 Metaspace       used 28382K, capacity 29592K, committed 29824K, reserved 1075200K
  class space    used 3109K, capacity 3610K, committed 3712K, reserved 1048576K
}
Event: 10.358 GC heap before
{Heap before GC invocations=11 (full 1):
 garbage-first heap   total 58368K, used 49612K [0x00000000e0000000, 0x0000000100000000)
  region size 1024K, 29 young (29696K), 3 survivors (3072K)
 Metaspace       used 29291K, capacity 30459K, committed 30592K, reserved 1077248K
  class space    used 3201K, capacity 3707K, committed 3712K, reserved 1048576K
}
Event: 10.360 GC heap after
{Heap after GC invocations=12 (full 1):
 garbage-first heap   total 59392K, used 23212K [0x00000000e0000000, 0x0000000100000000)
  region size 1024K, 4 young (4096K), 4 survivors (4096K)
 Metaspace       used 29291K, capacity 30459K, committed 30592K, reserved 1077248K
  class space    used 3201K, capacity 3707K, committed 3712K, reserved 1048576K
}
Event: 10.500 GC heap before
{Heap before GC invocations=12 (full 1):
 garbage-first heap   total 59392K, used 46764K [0x00000000e0000000, 0x0000000100000000)
  region size 1024K, 26 young (26624K), 4 survivors (4096K)
 Metaspace       used 30483K, capacity 31718K, committed 32000K, reserved 1077248K
  class space    used 3264K, capacity 3785K, committed 3840K, reserved 1048576K
}
Event: 10.502 GC heap after
{Heap after GC invocations=13 (full 1):
 garbage-first heap   total 59392K, used 17055K [0x00000000e0000000, 0x0000000100000000)
  region size 1024K, 2 young (2048K), 2 survivors (2048K)
 Metaspace       used 30483K, capacity 31718K, committed 32000K, reserved 1077248K
  class space    used 3264K, capacity 3785K, committed 3840K, reserved 1048576K
}
Event: 10.570 GC heap before
{Heap before GC invocations=13 (full 1):
 garbage-first heap   total 59392K, used 42655K [0x00000000e0000000, 0x0000000100000000)
  region size 1024K, 28 young (28672K), 2 survivors (2048K)
 Metaspace       used 30798K, capacity 32077K, committed 32256K, reserved 1077248K
  class space    used 3285K, capacity 3819K, committed 3840K, reserved 1048576K
}
Event: 10.572 GC heap after
{Heap after GC invocations=14 (full 1):
 garbage-first heap   total 59392K, used 17253K [0x00000000e0000000, 0x0000000100000000)
  region size 1024K, 2 young (2048K), 2 survivors (2048K)
 Metaspace       used 30798K, capacity 32077K, committed 32256K, reserved 1077248K
  class space    used 3285K, capacity 3819K, committed 3840K, reserved 1048576K
}
Event: 10.674 GC heap before
{Heap before GC invocations=14 (full 1):
 garbage-first heap   total 59392K, used 42853K [0x00000000e0000000, 0x0000000100000000)
  region size 1024K, 28 young (28672K), 2 survivors (2048K)
 Metaspace       used 30930K, capacity 32221K, committed 32384K, reserved 1077248K
  class space    used 3300K, capacity 3866K, committed 3968K, reserved 1048576K
}
Event: 10.675 GC heap after
{Heap after GC invocations=15 (full 1):
 garbage-first heap   total 59392K, used 17874K [0x00000000e0000000, 0x0000000100000000)
  region size 1024K, 3 young (3072K), 3 survivors (3072K)
 Metaspace       used 30930K, capacity 32221K, committed 32384K, reserved 1077248K
  class space    used 3300K, capacity 3866K, committed 3968K, reserved 1048576K
}

